[debug] [2022-02-18T02:05:32.640Z] ----------------------------------------------------------------------
[debug] [2022-02-18T02:05:32.642Z] Command:       /usr/local/bin/firebase /home/gitpod/.cache/firebase/tools/lib/node_modules/firebase-tools/lib/bin/firebase init hosting:github
[debug] [2022-02-18T02:05:32.642Z] CLI Version:   10.2.1
[debug] [2022-02-18T02:05:32.642Z] Platform:      linux
[debug] [2022-02-18T02:05:32.642Z] Node Version:  v12.18.1
[debug] [2022-02-18T02:05:32.642Z] Time:          Fri Feb 18 2022 02:05:32 GMT+0000 (Coordinated Universal Time)
[debug] [2022-02-18T02:05:32.643Z] ----------------------------------------------------------------------
[debug] 
[debug] [2022-02-18T02:05:32.711Z] > command requires scopes: ["email","openid","https://www.googleapis.com/auth/cloudplatformprojects.readonly","https://www.googleapis.com/auth/firebase","https://www.googleapis.com/auth/cloud-platform"]
[debug] [2022-02-18T02:05:32.711Z] > authorizing via signed-in user (bripaul143@gmail.com)
[info] 
     ######## #### ########  ######## ########     ###     ######  ########
     ##        ##  ##     ## ##       ##     ##  ##   ##  ##       ##
     ######    ##  ########  ######   ########  #########  ######  ######
     ##        ##  ##    ##  ##       ##     ## ##     ##       ## ##
     ##       #### ##     ## ######## ########  ##     ##  ######  ########

You're about to initialize a Firebase project in this directory:

  /workspace/swarm-client

Before we get started, keep in mind:

  * You are currently outside your home directory
  * You are initializing within an existing Firebase project directory

[info] 
=== Project Setup
[info] 
[info] First, let's associate this project directory with a Firebase project.
[info] You can create multiple project aliases by running firebase use --add, 
[info] but for now we'll just set up a default project.
[info] 
[debug] [2022-02-18T02:05:32.715Z] Using project from CLI flag: swarmnet-client
[debug] [2022-02-18T02:05:32.717Z] >>> [apiv2][query] GET https://firebase.googleapis.com/v1beta1/projects/swarmnet-client [none]
[debug] [2022-02-18T02:05:32.867Z] <<< [apiv2][status] GET https://firebase.googleapis.com/v1beta1/projects/swarmnet-client 200
[debug] [2022-02-18T02:05:32.867Z] <<< [apiv2][body] GET https://firebase.googleapis.com/v1beta1/projects/swarmnet-client {"projectId":"swarmnet-client","projectNumber":"888898413858","displayName":"swarmnet-client","name":"projects/swarmnet-client","resources":{"hostingSite":"swarmnet-client"},"state":"ACTIVE"}
[info] i  Using project swarmnet-client (swarmnet-client) 
[info] 
=== Hosting:github Setup
[info] 
[info] i  Detected a .git folder at /workspace/swarm-client 
[info] i  Authorizing with GitHub to upload your service account to a GitHub repository's secrets store. 
[info] 
[info] Visit this URL on this device to log in:
[info] https://github.com/login/oauth/authorize?client_id=89cf50f02ac6aaed3484&state=1071143566&redirect_uri=http%3A%2F%2Flocalhost%3A9006&scope=read%3Auser%20repo%20public_repo
[info] 
[info] Waiting for authentication...
